<?xml version="1.0" encoding="UTF-8"?>
<!-- Generated by org.testng.reporters.JUnitXMLReporter -->
<testsuite ignored="0" hostname="XCALWS0337LT" failures="0" tests="4" name="Default test" time="198.644" errors="0" timestamp="2023-09-27T21:47:32 IST">
  <testcase classname="testClass.ProductPageTest" name="createNewProduct" time="18.619"/>
  <testcase classname="testClass.ProductPageTest" name="createNewProduct" time="18.462"/>
  <testcase classname="testClass.ProductPageTest" name="createNewProduct" time="20.694"/>
  <testcase classname="testClass.ProductPageTest" name="createNewProduct" time="17.804"/>
</testsuite> <!-- Default test -->
