<?xml version="1.0" encoding="UTF-8"?>
<testng-results ignored="0" total="4" passed="4" failed="0" skipped="0">
  <reporter-output>
  </reporter-output>
  <suite started-at="2023-09-27T21:44:14 IST" name="Default suite" finished-at="2023-09-27T21:47:32 IST" duration-ms="198644">
    <groups>
    </groups>
    <test started-at="2023-09-27T21:44:14 IST" name="Default test" finished-at="2023-09-27T21:47:32 IST" duration-ms="198644">
      <class name="testClass.ProductPageTest">
        <test-method is-config="true" signature="setUP()[pri:0, instance:testClass.ProductPageTest@5542c4ed]" started-at="2023-09-27T21:44:14 IST" name="setUP" finished-at="2023-09-27T21:44:48 IST" duration-ms="33157" status="PASS">
          <reporter-output>
          </reporter-output>
        </test-method> <!-- setUP -->
        <test-method signature="createNewProduct(java.lang.String,java.lang.String,java.lang.String,java.lang.String,java.lang.String,java.lang.String)[pri:2, instance:testClass.ProductPageTest@5542c4ed]" started-at="2023-09-27T21:44:48 IST" name="createNewProduct" data-provider="productdata" finished-at="2023-09-27T21:45:06 IST" duration-ms="18619" status="PASS">
          <params>
            <param index="0">
              <value>
                <![CDATA[Midas]]>
              </value>
            </param>
            <param index="1">
              <value>
                <![CDATA[30.56]]>
              </value>
            </param>
            <param index="2">
              <value>
                <![CDATA[60.56]]>
              </value>
            </param>
            <param index="3">
              <value>
                <![CDATA[60.56]]>
              </value>
            </param>
            <param index="4">
              <value>
                <![CDATA[A1322]]>
              </value>
            </param>
            <param index="5">
              <value>
                <![CDATA[Midas Equipment is too good]]>
              </value>
            </param>
          </params>
          <reporter-output>
          </reporter-output>
        </test-method> <!-- createNewProduct -->
        <test-method is-config="true" signature="setUP()[pri:0, instance:testClass.ProductPageTest@5542c4ed]" started-at="2023-09-27T21:45:06 IST" name="setUP" finished-at="2023-09-27T21:45:38 IST" duration-ms="31754" status="PASS">
          <reporter-output>
          </reporter-output>
        </test-method> <!-- setUP -->
        <test-method signature="createNewProduct(java.lang.String,java.lang.String,java.lang.String,java.lang.String,java.lang.String,java.lang.String)[pri:2, instance:testClass.ProductPageTest@5542c4ed]" started-at="2023-09-27T21:45:38 IST" name="createNewProduct" data-provider="productdata" finished-at="2023-09-27T21:45:56 IST" duration-ms="18462" status="PASS">
          <params>
            <param index="0">
              <value>
                <![CDATA[HeavyEquipment]]>
              </value>
            </param>
            <param index="1">
              <value>
                <![CDATA[45.39]]>
              </value>
            </param>
            <param index="2">
              <value>
                <![CDATA[56.39]]>
              </value>
            </param>
            <param index="3">
              <value>
                <![CDATA[56.39]]>
              </value>
            </param>
            <param index="4">
              <value>
                <![CDATA[A3453]]>
              </value>
            </param>
            <param index="5">
              <value>
                <![CDATA[heavy Equipment is too good]]>
              </value>
            </param>
          </params>
          <reporter-output>
          </reporter-output>
        </test-method> <!-- createNewProduct -->
        <test-method is-config="true" signature="setUP()[pri:0, instance:testClass.ProductPageTest@5542c4ed]" started-at="2023-09-27T21:45:56 IST" name="setUP" finished-at="2023-09-27T21:46:26 IST" duration-ms="29509" status="PASS">
          <reporter-output>
          </reporter-output>
        </test-method> <!-- setUP -->
        <test-method signature="createNewProduct(java.lang.String,java.lang.String,java.lang.String,java.lang.String,java.lang.String,java.lang.String)[pri:2, instance:testClass.ProductPageTest@5542c4ed]" started-at="2023-09-27T21:46:26 IST" name="createNewProduct" data-provider="productdata" finished-at="2023-09-27T21:46:47 IST" duration-ms="20694" status="PASS">
          <params>
            <param index="0">
              <value>
                <![CDATA[AT&T]]>
              </value>
            </param>
            <param index="1">
              <value>
                <![CDATA[20.33]]>
              </value>
            </param>
            <param index="2">
              <value>
                <![CDATA[23.33]]>
              </value>
            </param>
            <param index="3">
              <value>
                <![CDATA[23.33]]>
              </value>
            </param>
            <param index="4">
              <value>
                <![CDATA[A3425]]>
              </value>
            </param>
            <param index="5">
              <value>
                <![CDATA[AT&T Equipment is too good]]>
              </value>
            </param>
          </params>
          <reporter-output>
          </reporter-output>
        </test-method> <!-- createNewProduct -->
        <test-method is-config="true" signature="setUP()[pri:0, instance:testClass.ProductPageTest@5542c4ed]" started-at="2023-09-27T21:46:47 IST" name="setUP" finished-at="2023-09-27T21:47:14 IST" duration-ms="27835" status="PASS">
          <reporter-output>
          </reporter-output>
        </test-method> <!-- setUP -->
        <test-method signature="createNewProduct(java.lang.String,java.lang.String,java.lang.String,java.lang.String,java.lang.String,java.lang.String)[pri:2, instance:testClass.ProductPageTest@5542c4ed]" started-at="2023-09-27T21:47:14 IST" name="createNewProduct" data-provider="productdata" finished-at="2023-09-27T21:47:32 IST" duration-ms="17804" status="PASS">
          <params>
            <param index="0">
              <value>
                <![CDATA[Advance Tracking]]>
              </value>
            </param>
            <param index="1">
              <value>
                <![CDATA[10.23]]>
              </value>
            </param>
            <param index="2">
              <value>
                <![CDATA[10.23]]>
              </value>
            </param>
            <param index="3">
              <value>
                <![CDATA[10.23]]>
              </value>
            </param>
            <param index="4">
              <value>
                <![CDATA[A5632]]>
              </value>
            </param>
            <param index="5">
              <value>
                <![CDATA[ Advance Tracking Equipment is too good]]>
              </value>
            </param>
          </params>
          <reporter-output>
          </reporter-output>
        </test-method> <!-- createNewProduct -->
      </class> <!-- testClass.ProductPageTest -->
    </test> <!-- Default test -->
  </suite> <!-- Default suite -->
</testng-results>
